<?xml version="1.0" encoding="UTF-8"?>
<testsuite name="prueba3.munozjose.FraccionTest" tests="2" skipped="0" failures="0" errors="0" timestamp="2019-02-17T19:55:19" hostname="lenovo" time="0.001">
  <properties/>
  <testcase name="testMitad" classname="prueba3.munozjose.FraccionTest" time="0.001"/>
  <testcase name="testTercio" classname="prueba3.munozjose.FraccionTest" time="0.0"/>
  <system-out><![CDATA[]]></system-out>
  <system-err><![CDATA[]]></system-err>
</testsuite>
